{"/Users/xiabingbao1/LaunchSchool/JS130/lesson_3/test_suite_todolist/todo.js": {"path":"/Users/xiabingbao1/LaunchSchool/JS130/lesson_3/test_suite_todolist/todo.js","statementMap":{"0":{"start":{"line":3,"column":4},"end":{"line":3,"column":23}},"1":{"start":{"line":4,"column":4},"end":{"line":4,"column":22}},"2":{"start":{"line":8,"column":17},"end":{"line":8,"column":70}},"3":{"start":{"line":9,"column":4},"end":{"line":9,"column":39}},"4":{"start":{"line":13,"column":4},"end":{"line":13,"column":21}},"5":{"start":{"line":17,"column":4},"end":{"line":17,"column":22}},"6":{"start":{"line":21,"column":4},"end":{"line":21,"column":21}},"7":{"start":{"line":25,"column":4},"end":{"line":25,"column":22}},"8":{"start":{"line":29,"column":0},"end":{"line":29,"column":23}},"9":{"start":{"line":30,"column":0},"end":{"line":30,"column":25}},"10":{"start":{"line":33,"column":0},"end":{"line":33,"column":22}}},"fnMap":{"0":{"name":"(anonymous_0)","decl":{"start":{"line":2,"column":2},"end":{"line":2,"column":3}},"loc":{"start":{"line":2,"column":21},"end":{"line":5,"column":3}},"line":2},"1":{"name":"(anonymous_1)","decl":{"start":{"line":7,"column":2},"end":{"line":7,"column":3}},"loc":{"start":{"line":7,"column":13},"end":{"line":10,"column":3}},"line":7},"2":{"name":"(anonymous_2)","decl":{"start":{"line":12,"column":2},"end":{"line":12,"column":3}},"loc":{"start":{"line":12,"column":13},"end":{"line":14,"column":3}},"line":12},"3":{"name":"(anonymous_3)","decl":{"start":{"line":16,"column":2},"end":{"line":16,"column":3}},"loc":{"start":{"line":16,"column":15},"end":{"line":18,"column":3}},"line":16},"4":{"name":"(anonymous_4)","decl":{"start":{"line":20,"column":2},"end":{"line":20,"column":3}},"loc":{"start":{"line":20,"column":11},"end":{"line":22,"column":3}},"line":20},"5":{"name":"(anonymous_5)","decl":{"start":{"line":24,"column":2},"end":{"line":24,"column":3}},"loc":{"start":{"line":24,"column":13},"end":{"line":26,"column":3}},"line":24}},"branchMap":{"0":{"loc":{"start":{"line":8,"column":17},"end":{"line":8,"column":70}},"type":"cond-expr","locations":[{"start":{"line":8,"column":33},"end":{"line":8,"column":49}},{"start":{"line":8,"column":52},"end":{"line":8,"column":70}}],"line":8}},"s":{"0":54,"1":54,"2":11,"3":11,"4":12,"5":1,"6":24,"7":0,"8":1,"9":1,"10":1},"f":{"0":54,"1":11,"2":12,"3":1,"4":24,"5":0},"b":{"0":[6,5]},"_coverageSchema":"1a1c01bbd47fc00a2c39e90264f33305004495a9","hash":"3e34fd28f741a6c360265e69a2f07010c25d59bf"}
,"/Users/xiabingbao1/LaunchSchool/JS130/lesson_3/test_suite_todolist/todolist.js": {"path":"/Users/xiabingbao1/LaunchSchool/JS130/lesson_3/test_suite_todolist/todolist.js","statementMap":{"0":{"start":{"line":1,"column":13},"end":{"line":1,"column":33}},"1":{"start":{"line":5,"column":4},"end":{"line":5,"column":23}},"2":{"start":{"line":6,"column":4},"end":{"line":6,"column":20}},"3":{"start":{"line":10,"column":4},"end":{"line":12,"column":5}},"4":{"start":{"line":11,"column":6},"end":{"line":11,"column":55}},"5":{"start":{"line":14,"column":4},"end":{"line":14,"column":26}},"6":{"start":{"line":18,"column":4},"end":{"line":18,"column":29}},"7":{"start":{"line":22,"column":4},"end":{"line":22,"column":25}},"8":{"start":{"line":26,"column":4},"end":{"line":26,"column":39}},"9":{"start":{"line":30,"column":4},"end":{"line":30,"column":31}},"10":{"start":{"line":31,"column":4},"end":{"line":31,"column":29}},"11":{"start":{"line":35,"column":4},"end":{"line":35,"column":34}},"12":{"start":{"line":39,"column":4},"end":{"line":39,"column":36}},"13":{"start":{"line":43,"column":4},"end":{"line":43,"column":51}},"14":{"start":{"line":43,"column":36},"end":{"line":43,"column":49}},"15":{"start":{"line":47,"column":4},"end":{"line":47,"column":30}},"16":{"start":{"line":51,"column":4},"end":{"line":51,"column":28}},"17":{"start":{"line":55,"column":4},"end":{"line":55,"column":31}},"18":{"start":{"line":56,"column":4},"end":{"line":56,"column":39}},"19":{"start":{"line":60,"column":16},"end":{"line":60,"column":41}},"20":{"start":{"line":61,"column":15},"end":{"line":61,"column":65}},"21":{"start":{"line":61,"column":38},"end":{"line":61,"column":53}},"22":{"start":{"line":62,"column":4},"end":{"line":62,"column":31}},"23":{"start":{"line":66,"column":4},"end":{"line":66,"column":47}},"24":{"start":{"line":66,"column":31},"end":{"line":66,"column":45}},"25":{"start":{"line":70,"column":18},"end":{"line":70,"column":42}},"26":{"start":{"line":71,"column":4},"end":{"line":75,"column":7}},"27":{"start":{"line":72,"column":6},"end":{"line":74,"column":7}},"28":{"start":{"line":73,"column":8},"end":{"line":73,"column":26}},"29":{"start":{"line":77,"column":4},"end":{"line":77,"column":19}},"30":{"start":{"line":81,"column":4},"end":{"line":81,"column":66}},"31":{"start":{"line":81,"column":31},"end":{"line":81,"column":56}},"32":{"start":{"line":85,"column":4},"end":{"line":85,"column":46}},"33":{"start":{"line":85,"column":31},"end":{"line":85,"column":44}},"34":{"start":{"line":89,"column":4},"end":{"line":89,"column":47}},"35":{"start":{"line":89,"column":31},"end":{"line":89,"column":45}},"36":{"start":{"line":93,"column":15},"end":{"line":93,"column":38}},"37":{"start":{"line":94,"column":4},"end":{"line":96,"column":5}},"38":{"start":{"line":95,"column":6},"end":{"line":95,"column":22}},"39":{"start":{"line":100,"column":4},"end":{"line":100,"column":42}},"40":{"start":{"line":100,"column":25},"end":{"line":100,"column":40}},"41":{"start":{"line":104,"column":4},"end":{"line":104,"column":44}},"42":{"start":{"line":104,"column":25},"end":{"line":104,"column":42}},"43":{"start":{"line":108,"column":4},"end":{"line":108,"column":30}},"44":{"start":{"line":112,"column":4},"end":{"line":114,"column":5}},"45":{"start":{"line":113,"column":6},"end":{"line":113,"column":58}},"46":{"start":{"line":118,"column":0},"end":{"line":118,"column":26}}},"fnMap":{"0":{"name":"(anonymous_0)","decl":{"start":{"line":4,"column":2},"end":{"line":4,"column":3}},"loc":{"start":{"line":4,"column":21},"end":{"line":7,"column":3}},"line":4},"1":{"name":"(anonymous_1)","decl":{"start":{"line":9,"column":2},"end":{"line":9,"column":3}},"loc":{"start":{"line":9,"column":12},"end":{"line":15,"column":3}},"line":9},"2":{"name":"(anonymous_2)","decl":{"start":{"line":17,"column":2},"end":{"line":17,"column":3}},"loc":{"start":{"line":17,"column":9},"end":{"line":19,"column":3}},"line":17},"3":{"name":"(anonymous_3)","decl":{"start":{"line":21,"column":2},"end":{"line":21,"column":3}},"loc":{"start":{"line":21,"column":10},"end":{"line":23,"column":3}},"line":21},"4":{"name":"(anonymous_4)","decl":{"start":{"line":25,"column":2},"end":{"line":25,"column":3}},"loc":{"start":{"line":25,"column":9},"end":{"line":27,"column":3}},"line":25},"5":{"name":"(anonymous_5)","decl":{"start":{"line":29,"column":2},"end":{"line":29,"column":3}},"loc":{"start":{"line":29,"column":16},"end":{"line":32,"column":3}},"line":29},"6":{"name":"(anonymous_6)","decl":{"start":{"line":34,"column":2},"end":{"line":34,"column":3}},"loc":{"start":{"line":34,"column":20},"end":{"line":36,"column":3}},"line":34},"7":{"name":"(anonymous_7)","decl":{"start":{"line":38,"column":2},"end":{"line":38,"column":3}},"loc":{"start":{"line":38,"column":22},"end":{"line":40,"column":3}},"line":38},"8":{"name":"(anonymous_8)","decl":{"start":{"line":42,"column":2},"end":{"line":42,"column":3}},"loc":{"start":{"line":42,"column":11},"end":{"line":44,"column":3}},"line":42},"9":{"name":"(anonymous_9)","decl":{"start":{"line":43,"column":28},"end":{"line":43,"column":29}},"loc":{"start":{"line":43,"column":36},"end":{"line":43,"column":49}},"line":43},"10":{"name":"(anonymous_10)","decl":{"start":{"line":46,"column":2},"end":{"line":46,"column":3}},"loc":{"start":{"line":46,"column":10},"end":{"line":48,"column":3}},"line":46},"11":{"name":"(anonymous_11)","decl":{"start":{"line":50,"column":2},"end":{"line":50,"column":3}},"loc":{"start":{"line":50,"column":8},"end":{"line":52,"column":3}},"line":50},"12":{"name":"(anonymous_12)","decl":{"start":{"line":54,"column":2},"end":{"line":54,"column":3}},"loc":{"start":{"line":54,"column":18},"end":{"line":57,"column":3}},"line":54},"13":{"name":"(anonymous_13)","decl":{"start":{"line":59,"column":2},"end":{"line":59,"column":3}},"loc":{"start":{"line":59,"column":13},"end":{"line":63,"column":3}},"line":59},"14":{"name":"(anonymous_14)","decl":{"start":{"line":61,"column":30},"end":{"line":61,"column":31}},"loc":{"start":{"line":61,"column":38},"end":{"line":61,"column":53}},"line":61},"15":{"name":"(anonymous_15)","decl":{"start":{"line":65,"column":2},"end":{"line":65,"column":3}},"loc":{"start":{"line":65,"column":20},"end":{"line":67,"column":3}},"line":65},"16":{"name":"(anonymous_16)","decl":{"start":{"line":66,"column":23},"end":{"line":66,"column":24}},"loc":{"start":{"line":66,"column":31},"end":{"line":66,"column":45}},"line":66},"17":{"name":"(anonymous_17)","decl":{"start":{"line":69,"column":2},"end":{"line":69,"column":3}},"loc":{"start":{"line":69,"column":19},"end":{"line":78,"column":3}},"line":69},"18":{"name":"(anonymous_18)","decl":{"start":{"line":71,"column":17},"end":{"line":71,"column":18}},"loc":{"start":{"line":71,"column":25},"end":{"line":75,"column":5}},"line":71},"19":{"name":"(anonymous_19)","decl":{"start":{"line":80,"column":2},"end":{"line":80,"column":3}},"loc":{"start":{"line":80,"column":21},"end":{"line":82,"column":3}},"line":80},"20":{"name":"(anonymous_20)","decl":{"start":{"line":81,"column":23},"end":{"line":81,"column":24}},"loc":{"start":{"line":81,"column":31},"end":{"line":81,"column":56}},"line":81},"21":{"name":"(anonymous_21)","decl":{"start":{"line":84,"column":2},"end":{"line":84,"column":3}},"loc":{"start":{"line":84,"column":12},"end":{"line":86,"column":3}},"line":84},"22":{"name":"(anonymous_22)","decl":{"start":{"line":85,"column":23},"end":{"line":85,"column":24}},"loc":{"start":{"line":85,"column":31},"end":{"line":85,"column":44}},"line":85},"23":{"name":"(anonymous_23)","decl":{"start":{"line":88,"column":2},"end":{"line":88,"column":3}},"loc":{"start":{"line":88,"column":15},"end":{"line":90,"column":3}},"line":88},"24":{"name":"(anonymous_24)","decl":{"start":{"line":89,"column":23},"end":{"line":89,"column":24}},"loc":{"start":{"line":89,"column":31},"end":{"line":89,"column":45}},"line":89},"25":{"name":"(anonymous_25)","decl":{"start":{"line":92,"column":2},"end":{"line":92,"column":3}},"loc":{"start":{"line":92,"column":18},"end":{"line":97,"column":3}},"line":92},"26":{"name":"(anonymous_26)","decl":{"start":{"line":99,"column":2},"end":{"line":99,"column":3}},"loc":{"start":{"line":99,"column":16},"end":{"line":101,"column":3}},"line":99},"27":{"name":"(anonymous_27)","decl":{"start":{"line":100,"column":17},"end":{"line":100,"column":18}},"loc":{"start":{"line":100,"column":25},"end":{"line":100,"column":40}},"line":100},"28":{"name":"(anonymous_28)","decl":{"start":{"line":103,"column":2},"end":{"line":103,"column":3}},"loc":{"start":{"line":103,"column":18},"end":{"line":105,"column":3}},"line":103},"29":{"name":"(anonymous_29)","decl":{"start":{"line":104,"column":17},"end":{"line":104,"column":18}},"loc":{"start":{"line":104,"column":25},"end":{"line":104,"column":42}},"line":104},"30":{"name":"(anonymous_30)","decl":{"start":{"line":107,"column":2},"end":{"line":107,"column":3}},"loc":{"start":{"line":107,"column":12},"end":{"line":109,"column":3}},"line":107},"31":{"name":"(anonymous_31)","decl":{"start":{"line":111,"column":2},"end":{"line":111,"column":3}},"loc":{"start":{"line":111,"column":24},"end":{"line":115,"column":3}},"line":111}},"branchMap":{"0":{"loc":{"start":{"line":10,"column":4},"end":{"line":12,"column":5}},"type":"if","locations":[{"start":{"line":10,"column":4},"end":{"line":12,"column":5}},{"start":{"line":10,"column":4},"end":{"line":12,"column":5}}],"line":10},"1":{"loc":{"start":{"line":72,"column":6},"end":{"line":74,"column":7}},"type":"if","locations":[{"start":{"line":72,"column":6},"end":{"line":74,"column":7}},{"start":{"line":72,"column":6},"end":{"line":74,"column":7}}],"line":72},"2":{"loc":{"start":{"line":94,"column":4},"end":{"line":96,"column":5}},"type":"if","locations":[{"start":{"line":94,"column":4},"end":{"line":96,"column":5}},{"start":{"line":94,"column":4},"end":{"line":96,"column":5}}],"line":94},"3":{"loc":{"start":{"line":112,"column":4},"end":{"line":114,"column":5}},"type":"if","locations":[{"start":{"line":112,"column":4},"end":{"line":114,"column":5}},{"start":{"line":112,"column":4},"end":{"line":114,"column":5}}],"line":112}},"s":{"0":1,"1":21,"2":21,"3":59,"4":3,"5":56,"6":2,"7":1,"8":1,"9":9,"10":6,"11":3,"12":2,"13":2,"14":4,"15":1,"16":1,"17":2,"18":1,"19":5,"20":5,"21":11,"22":5,"23":4,"24":12,"25":1,"26":1,"27":3,"28":1,"29":1,"30":0,"31":0,"32":0,"33":0,"34":0,"35":0,"36":0,"37":0,"38":0,"39":2,"40":6,"41":0,"42":0,"43":4,"44":11,"45":4,"46":1},"f":{"0":21,"1":59,"2":2,"3":1,"4":1,"5":9,"6":3,"7":2,"8":2,"9":4,"10":1,"11":1,"12":2,"13":5,"14":11,"15":4,"16":12,"17":1,"18":3,"19":0,"20":0,"21":0,"22":0,"23":0,"24":0,"25":0,"26":2,"27":6,"28":0,"29":0,"30":4,"31":11},"b":{"0":[3,56],"1":[1,2],"2":[0,0],"3":[4,7]},"_coverageSchema":"1a1c01bbd47fc00a2c39e90264f33305004495a9","hash":"53b4d7e733396ddaef4dc883c8eb0d3895828151"}
}
